<?xml version="1.0" encoding="UTF-8"?>
<robot generator="Robot 7.3.2 (Python 3.12.4 on darwin)" generated="2025-12-10T20:52:55.329767" rpa="false" schemaversion="5">
<suite id="s1" name="User" source="/Users/paulooliveira/Desktop/QACODERS/academy/academy-blacklist-main/robot-framework-testes-frontend/tests/user/user.robot">
<test id="s1-t1" name="Cenario 06: Verificar campo Senha no modal de novo usuário" line="75">
<kw name="Abrir Navegador" owner="common" type="SETUP">
<kw name="Open Browser" owner="SeleniumLibrary">
<msg time="2025-12-10T20:52:56.348105" level="INFO">Opening browser 'Chrome' to base url 'https://blacklist.qacoders.dev.br'.</msg>
<arg>${BASE_URL_UI}</arg>
<arg>Chrome</arg>
<doc>Opens a new browser instance to the optional ``url``.</doc>
<status status="PASS" start="2025-12-10T20:52:56.347457" elapsed="15.399348"/>
</kw>
<kw name="Maximize Browser Window" owner="SeleniumLibrary">
<doc>Maximizes current browser window.</doc>
<status status="PASS" start="2025-12-10T20:53:11.749301" elapsed="0.423185"/>
</kw>
<status status="PASS" start="2025-12-10T20:52:56.339495" elapsed="15.833747"/>
</kw>
<kw name="Realizar Login" owner="login">
<kw name="Wait Until Element Is Visible" owner="SeleniumLibrary">
<arg>id:email</arg>
<arg>timeout=10s</arg>
<doc>Waits until the element ``locator`` is visible.</doc>
<status status="PASS" start="2025-12-10T20:53:12.176396" elapsed="0.924165"/>
</kw>
<kw name="Input Text" owner="SeleniumLibrary">
<msg time="2025-12-10T20:53:13.101387" level="INFO">Typing text 'automacao2025_@qacoders.com' into text field 'id:email'.</msg>
<arg>id:email</arg>
<arg>${FRONTEND_EMAIL}</arg>
<doc>Types the given ``text`` into the text field identified by ``locator``.</doc>
<status status="PASS" start="2025-12-10T20:53:13.100899" elapsed="0.544993"/>
</kw>
<kw name="Wait Until Element Is Visible" owner="SeleniumLibrary">
<arg>id:password</arg>
<arg>timeout=10s</arg>
<doc>Waits until the element ``locator`` is visible.</doc>
<status status="PASS" start="2025-12-10T20:53:13.646277" elapsed="0.027205"/>
</kw>
<kw name="Input Text" owner="SeleniumLibrary">
<msg time="2025-12-10T20:53:13.676406" level="INFO">Typing text '$Auto123' into text field 'id:password'.</msg>
<arg>id:password</arg>
<arg>${FRONTEND_PASSWORD}</arg>
<doc>Types the given ``text`` into the text field identified by ``locator``.</doc>
<status status="PASS" start="2025-12-10T20:53:13.673865" elapsed="0.196482"/>
</kw>
<kw name="Wait Until Element Is Visible" owner="SeleniumLibrary">
<arg>id:login</arg>
<arg>timeout=10s</arg>
<doc>Waits until the element ``locator`` is visible.</doc>
<status status="PASS" start="2025-12-10T20:53:13.871157" elapsed="0.041567"/>
</kw>
<kw name="Click Button" owner="SeleniumLibrary">
<msg time="2025-12-10T20:53:13.914467" level="INFO">Clicking button 'id:login'.</msg>
<arg>id:login</arg>
<doc>Clicks the button identified by ``locator``.</doc>
<status status="PASS" start="2025-12-10T20:53:13.913419" elapsed="0.226242"/>
</kw>
<status status="PASS" start="2025-12-10T20:53:12.175583" elapsed="1.964541"/>
</kw>
<kw name="Verificar Redirecionamento Para Home" owner="login">
<kw name="Wait Until Location Is" owner="SeleniumLibrary">
<arg>${BASE_URL_UI}/home</arg>
<arg>timeout=10s</arg>
<doc>Waits until the current URL is ``expected``.</doc>
<status status="PASS" start="2025-12-10T20:53:14.149132" elapsed="4.452894"/>
</kw>
<kw name="Location Should Be" owner="SeleniumLibrary">
<msg time="2025-12-10T20:53:18.609690" level="INFO">Current location is 'https://blacklist.qacoders.dev.br/home'.</msg>
<arg>${BASE_URL_UI}/home</arg>
<doc>Verifies that the current URL is exactly ``url``.</doc>
<status status="PASS" start="2025-12-10T20:53:18.602337" elapsed="0.007518"/>
</kw>
<status status="PASS" start="2025-12-10T20:53:14.147523" elapsed="4.462490"/>
</kw>
<kw name="Verificar Elemento Cadastros Visivel" owner="login">
<kw name="Wait Until Element Is Visible" owner="SeleniumLibrary">
<arg>id:Cadastros</arg>
<arg>timeout=10s</arg>
<doc>Waits until the element ``locator`` is visible.</doc>
<status status="PASS" start="2025-12-10T20:53:18.612647" elapsed="0.037182"/>
</kw>
<kw name="Element Text Should Be" owner="SeleniumLibrary">
<msg time="2025-12-10T20:53:18.650627" level="INFO">Verifying element 'id:Cadastros' contains exact text 'Cadastros'.</msg>
<arg>id:Cadastros</arg>
<arg>Cadastros</arg>
<doc>Verifies that element ``locator`` contains exact the text ``expected``.</doc>
<status status="PASS" start="2025-12-10T20:53:18.650207" elapsed="0.029366"/>
</kw>
<status status="PASS" start="2025-12-10T20:53:18.610425" elapsed="0.069326"/>
</kw>
<kw name="Acessar Pagina Usuarios" owner="user">
<kw name="Click Element" owner="SeleniumLibrary">
<msg time="2025-12-10T20:53:18.680816" level="INFO">Clicking element 'id:Cadastros'.</msg>
<arg>id:Cadastros</arg>
<doc>Click the element identified by ``locator``.</doc>
<status status="PASS" start="2025-12-10T20:53:18.680552" elapsed="0.152769"/>
</kw>
<kw name="Wait Until Element Is Visible" owner="SeleniumLibrary">
<arg>id:Usuários</arg>
<arg>timeout=30s</arg>
<doc>Waits until the element ``locator`` is visible.</doc>
<status status="PASS" start="2025-12-10T20:53:18.833660" elapsed="0.314722"/>
</kw>
<kw name="Click Element" owner="SeleniumLibrary">
<msg time="2025-12-10T20:53:19.149327" level="INFO">Clicking element 'id:Usuários'.</msg>
<arg>id:Usuários</arg>
<doc>Click the element identified by ``locator``.</doc>
<status status="PASS" start="2025-12-10T20:53:19.148895" elapsed="0.136478"/>
</kw>
<kw name="Wait Until Location Is" owner="SeleniumLibrary">
<arg>${BASE_URL_UI}/user</arg>
<arg>timeout=30s</arg>
<doc>Waits until the current URL is ``expected``.</doc>
<status status="PASS" start="2025-12-10T20:53:19.285959" elapsed="4.741333"/>
</kw>
<kw name="Location Should Be" owner="SeleniumLibrary">
<msg time="2025-12-10T20:53:24.040275" level="INFO">Current location is 'https://blacklist.qacoders.dev.br/user'.</msg>
<arg>${BASE_URL_UI}/user</arg>
<doc>Verifies that the current URL is exactly ``url``.</doc>
<status status="PASS" start="2025-12-10T20:53:24.029414" elapsed="0.011249"/>
</kw>
<kw name="Wait Until Element Is Visible" owner="SeleniumLibrary">
<arg>xpath://h1[text()='Usuários']</arg>
<arg>timeout=30s</arg>
<doc>Waits until the element ``locator`` is visible.</doc>
<status status="PASS" start="2025-12-10T20:53:24.041216" elapsed="0.035678"/>
</kw>
<kw name="Element Text Should Be" owner="SeleniumLibrary">
<msg time="2025-12-10T20:53:24.077987" level="INFO">Verifying element 'xpath://h1[text()='Usuários']' contains exact text 'Usuários'.</msg>
<arg>xpath://h1[text()='Usuários']</arg>
<arg>Usuários</arg>
<doc>Verifies that element ``locator`` contains exact the text ``expected``.</doc>
<status status="PASS" start="2025-12-10T20:53:24.077297" elapsed="0.028788"/>
</kw>
<status status="PASS" start="2025-12-10T20:53:18.680134" elapsed="5.426379"/>
</kw>
<kw name="Wait Until Element Is Visible" owner="SeleniumLibrary">
<arg>xpath://button[text()='Novo Usuário']</arg>
<arg>timeout=10s</arg>
<doc>Waits until the element ``locator`` is visible.</doc>
<status status="PASS" start="2025-12-10T20:53:24.107141" elapsed="0.028979"/>
</kw>
<kw name="Click Button" owner="SeleniumLibrary">
<msg time="2025-12-10T20:53:24.137065" level="INFO">Clicking button 'xpath://button[text()='Novo Usuário']'.</msg>
<arg>xpath://button[text()='Novo Usuário']</arg>
<doc>Clicks the button identified by ``locator``.</doc>
<status status="PASS" start="2025-12-10T20:53:24.136674" elapsed="0.162104"/>
</kw>
<kw name="Wait Until Element Is Visible" owner="SeleniumLibrary">
<arg>xpath://h2[text()='Novo Usuário']</arg>
<arg>timeout=10s</arg>
<doc>Waits until the element ``locator`` is visible.</doc>
<status status="PASS" start="2025-12-10T20:53:24.307857" elapsed="0.035917"/>
</kw>
<kw name="Element Should Be Visible" owner="SeleniumLibrary">
<msg time="2025-12-10T20:53:24.369041" level="INFO">Element 'xpath://h2[text()='Novo Usuário']' is displayed.</msg>
<arg>xpath://h2[text()='Novo Usuário']</arg>
<doc>Verifies that the element identified by ``locator`` is visible.</doc>
<status status="PASS" start="2025-12-10T20:53:24.344220" elapsed="0.024990"/>
</kw>
<kw name="Element Should Be Visible" owner="SeleniumLibrary">
<msg time="2025-12-10T20:53:24.394178" level="INFO">Element 'id:password' is displayed.</msg>
<arg>id:password</arg>
<doc>Verifies that the element identified by ``locator`` is visible.</doc>
<status status="PASS" start="2025-12-10T20:53:24.369956" elapsed="0.024586"/>
</kw>
<kw name="Element Should Be Enabled" owner="SeleniumLibrary">
<arg>id:password</arg>
<doc>Verifies that element identified by ``locator`` is enabled.</doc>
<status status="PASS" start="2025-12-10T20:53:24.396132" elapsed="0.034037"/>
</kw>
<kw name="Run Keyword And Ignore Error" owner="BuiltIn">
<kw name="Get WebElements" owner="SeleniumLibrary">
<arg>xpath://*[contains(@class,'MuiInputAdornment') or contains(@class,'visibility') or contains(@class,'eye')]</arg>
<doc>Returns a list of WebElement objects matching the ``locator``.</doc>
<status status="PASS" start="2025-12-10T20:53:24.432048" elapsed="0.025708"/>
</kw>
<msg time="2025-12-10T20:53:24.458455" level="INFO">${icone} = ('PASS', [&lt;selenium.webdriver.remote.webelement.WebElement (session="0f9895c2cb6728e7e8a95c37cf5d60a8", element="f.467D609767E8B5D2A88A821144DD9A11.d.6615A75DD166138BA7F6708F0E0AA8D6.e.38")&gt;])</msg>
<var>${icone}</var>
<arg>Get WebElements</arg>
<arg>xpath://*[contains(@class,'MuiInputAdornment') or contains(@class,'visibility') or contains(@class,'eye')]</arg>
<doc>Runs the given keyword with the given arguments and ignores possible error.</doc>
<status status="PASS" start="2025-12-10T20:53:24.431035" elapsed="0.027549"/>
</kw>
<kw name="Should Be Equal As Strings" owner="BuiltIn">
<msg time="2025-12-10T20:53:24.462875" level="FAIL">BUG: O campo Senha deveria ter um ícone para mostrar/ocultar a senha, mas não existe.: PASS != NONE</msg>
<arg>${icone[0]}</arg>
<arg>NONE</arg>
<arg>msg=BUG: O campo Senha deveria ter um ícone para mostrar/ocultar a senha, mas não existe.</arg>
<doc>Fails if objects are unequal after converting them to strings.</doc>
<status status="FAIL" start="2025-12-10T20:53:24.459313" elapsed="0.004567">BUG: O campo Senha deveria ter um ícone para mostrar/ocultar a senha, mas não existe.: PASS != NONE</status>
</kw>
<kw name="Fechar Navegador" owner="common" type="TEARDOWN">
<kw name="Close Browser" owner="SeleniumLibrary">
<doc>Closes the current browser.</doc>
<status status="PASS" start="2025-12-10T20:53:24.466499" elapsed="0.304257"/>
</kw>
<status status="PASS" start="2025-12-10T20:53:24.465878" elapsed="0.305263"/>
</kw>
<status status="FAIL" start="2025-12-10T20:52:56.336772" elapsed="28.434702">BUG: O campo Senha deveria ter um ícone para mostrar/ocultar a senha, mas não existe.: PASS != NONE</status>
</test>
<status status="FAIL" start="2025-12-10T20:52:55.331538" elapsed="29.442123"/>
</suite>
<statistics>
<total>
<stat pass="0" fail="1" skip="0">All Tests</stat>
</total>
<tag>
</tag>
<suite>
<stat name="User" id="s1" pass="0" fail="1" skip="0">User</stat>
</suite>
</statistics>
<errors>
</errors>
</robot>
